android/app/build/intermediates/manifest_merge_blame_file/debug/manifest-merger-blame-debug-report.txt
1<?xml version="1.0" encoding="utf-8"?>
2<manifest xmlns:android="http://schemas.android.com/apk/res/android"
3    package="com.demo"
4    android:versionCode="1"
5    android:versionName="1.0" >
6
7    <uses-sdk
8        android:minSdkVersion="16"
9        android:targetSdkVersion="29" />
10
11    <uses-permission android:name="android.permission.SYSTEM_ALERT_WINDOW" />
11-->src/debug/AndroidManifest.xml:5:5-77
11-->src/debug/AndroidManifest.xml:5:22-75
12    <uses-permission android:name="android.permission.INTERNET" />
12-->src/main/AndroidManifest.xml:4:5-67
12-->src/main/AndroidManifest.xml:4:22-64
13    <uses-permission android:name="android.permission.CAMERA" />
13-->src/main/AndroidManifest.xml:5:5-65
13-->src/main/AndroidManifest.xml:5:22-62
14    <uses-permission android:name="android.permission.READ_EXTERNAL_STORAGE" />
14-->src/main/AndroidManifest.xml:6:5-80
14-->src/main/AndroidManifest.xml:6:22-77
15    <uses-permission android:name="android.permission.WRITE_EXTERNAL_STORAGE" />
15-->src/main/AndroidManifest.xml:7:5-81
15-->src/main/AndroidManifest.xml:7:22-78
16    <uses-permission android:name="android.permission.ACCESS_WIFI_STATE" />
16-->[com.facebook.flipper:flipper:0.54.0] AndroidManifest.xml:16:5-76
16-->[com.facebook.flipper:flipper:0.54.0] AndroidManifest.xml:16:22-73
17
18    <queries>
18-->[:react-native-image-crop-picker] AndroidManifest.xml:10:5-14:15
19        <intent>
19-->[:react-native-image-crop-picker] AndroidManifest.xml:11:9-13:18
20            <action android:name="android.media.action.IMAGE_CAPTURE" />
20-->[:react-native-image-crop-picker] AndroidManifest.xml:12:13-73
20-->[:react-native-image-crop-picker] AndroidManifest.xml:12:21-70
21        </intent>
22    </queries> <!-- Required by older versions of Google Play services to create IID tokens -->
23    <uses-permission android:name="com.google.android.c2dm.permission.RECEIVE" />
23-->[com.google.android.gms:play-services-iid:17.0.0] AndroidManifest.xml:23:5-82
23-->[com.google.android.gms:play-services-iid:17.0.0] AndroidManifest.xml:23:22-79
24    <uses-permission android:name="com.google.android.finsky.permission.BIND_GET_INSTALL_REFERRER_SERVICE" />
24-->[com.android.installreferrer:installreferrer:1.1.2] AndroidManifest.xml:9:5-110
24-->[com.android.installreferrer:installreferrer:1.1.2] AndroidManifest.xml:9:22-107
25
26    <application
26-->src/main/AndroidManifest.xml:9:5-28:19
27        android:name="com.demo.MainApplication"
27-->src/main/AndroidManifest.xml:10:7-38
28        android:allowBackup="false"
28-->src/main/AndroidManifest.xml:14:7-34
29        android:appComponentFactory="androidx.core.app.CoreComponentFactory"
29-->[androidx.core:core:1.1.0] AndroidManifest.xml:24:18-86
30        android:debuggable="true"
31        android:icon="@mipmap/ic_launcher"
31-->src/main/AndroidManifest.xml:12:7-41
32        android:label="@string/app_name"
32-->src/main/AndroidManifest.xml:11:7-39
33        android:roundIcon="@mipmap/ic_launcher_round"
33-->src/main/AndroidManifest.xml:13:7-52
34        android:testOnly="true"
35        android:theme="@style/AppTheme"
35-->src/main/AndroidManifest.xml:15:7-38
36        android:usesCleartextTraffic="true" >
36-->src/debug/AndroidManifest.xml:7:18-53
37        <activity
37-->src/main/AndroidManifest.xml:16:7-26:18
38            android:name="com.demo.MainActivity"
38-->src/main/AndroidManifest.xml:17:9-37
39            android:configChanges="keyboard|keyboardHidden|orientation|screenSize|uiMode"
39-->src/main/AndroidManifest.xml:19:9-86
40            android:label="@string/app_name"
40-->src/main/AndroidManifest.xml:18:9-41
41            android:launchMode="singleTask"
41-->src/main/AndroidManifest.xml:20:9-40
42            android:windowSoftInputMode="adjustPan" >
42-->src/main/AndroidManifest.xml:21:9-48
43            <intent-filter>
43-->src/main/AndroidManifest.xml:22:9-25:25
44                <action android:name="android.intent.action.MAIN" />
44-->src/main/AndroidManifest.xml:23:13-65
44-->src/main/AndroidManifest.xml:23:21-62
45
46                <category android:name="android.intent.category.LAUNCHER" />
46-->src/main/AndroidManifest.xml:24:13-73
46-->src/main/AndroidManifest.xml:24:23-70
47            </intent-filter>
48        </activity>
49        <activity android:name="com.facebook.react.devsupport.DevSettingsActivity" />
49-->src/main/AndroidManifest.xml:27:7-84
49-->src/main/AndroidManifest.xml:27:17-81
50
51        <receiver
51-->[:react-native-device-info] AndroidManifest.xml:13:9-22:20
52            android:name="com.learnium.RNDeviceInfo.RNDeviceReceiver"
52-->[:react-native-device-info] AndroidManifest.xml:14:13-70
53            android:enabled="true"
53-->[:react-native-device-info] AndroidManifest.xml:15:13-35
54            android:exported="true"
54-->[:react-native-device-info] AndroidManifest.xml:16:13-36
55            android:permission="android.permission.INSTALL_PACKAGES" >
55-->[:react-native-device-info] AndroidManifest.xml:17:13-69
56            <intent-filter>
56-->[:react-native-device-info] AndroidManifest.xml:19:13-21:29
57                <action android:name="com.android.vending.INSTALL_REFERRER" />
57-->[:react-native-device-info] AndroidManifest.xml:20:17-79
57-->[:react-native-device-info] AndroidManifest.xml:20:25-76
58            </intent-filter>
59        </receiver>
60
61        <provider
61-->[:react-native-image-crop-picker] AndroidManifest.xml:19:9-27:20
62            android:name="androidx.core.content.FileProvider"
62-->[:react-native-image-crop-picker] AndroidManifest.xml:20:13-62
63            android:authorities="com.demo.provider"
63-->[:react-native-image-crop-picker] AndroidManifest.xml:21:13-60
64            android:exported="false"
64-->[:react-native-image-crop-picker] AndroidManifest.xml:22:13-37
65            android:grantUriPermissions="true" >
65-->[:react-native-image-crop-picker] AndroidManifest.xml:23:13-47
66            <meta-data
66-->[:react-native-image-crop-picker] AndroidManifest.xml:24:13-26:58
67                android:name="android.support.FILE_PROVIDER_PATHS"
67-->[:react-native-image-crop-picker] AndroidManifest.xml:25:17-67
68                android:resource="@xml/provider_paths" />
68-->[:react-native-image-crop-picker] AndroidManifest.xml:26:17-55
69        </provider>
70
71        <activity
71-->[:react-native-image-crop-picker] AndroidManifest.xml:29:9-31:72
72            android:name="com.yalantis.ucrop.UCropActivity"
72-->[:react-native-image-crop-picker] AndroidManifest.xml:30:13-60
73            android:theme="@style/Theme.AppCompat.Light.NoActionBar" />
73-->[:react-native-image-crop-picker] AndroidManifest.xml:31:13-69
74        <activity
74-->[com.google.android.gms:play-services-base:17.0.0] AndroidManifest.xml:23:9-26:75
75            android:name="com.google.android.gms.common.api.GoogleApiActivity"
75-->[com.google.android.gms:play-services-base:17.0.0] AndroidManifest.xml:24:13-79
76            android:exported="false"
76-->[com.google.android.gms:play-services-base:17.0.0] AndroidManifest.xml:25:13-37
77            android:theme="@android:style/Theme.Translucent.NoTitleBar" />
77-->[com.google.android.gms:play-services-base:17.0.0] AndroidManifest.xml:26:13-72
78
79        <meta-data
79-->[com.google.android.gms:play-services-basement:17.0.0] AndroidManifest.xml:23:9-25:69
80            android:name="com.google.android.gms.version"
80-->[com.google.android.gms:play-services-basement:17.0.0] AndroidManifest.xml:24:13-58
81            android:value="@integer/google_play_services_version" />
81-->[com.google.android.gms:play-services-basement:17.0.0] AndroidManifest.xml:25:13-66
82    </application>
83
84</manifest>